<?xml version="1.0" encoding="UTF-8"?>
<!-- Generated by org.testng.reporters.JUnitXMLReporter -->
<testsuite hostname="DESKTOP-0N9REI5" ignored="0" name="Test" tests="3" failures="0" timestamp="2020-10-28T15:12:24 IST" time="44.63" errors="0">
  <testcase name="@AfterClass tearDown" time="3.002" classname="PSMS.ApplicationPage.Preconditions">
    <failure type="java.lang.NullPointerException">
      <![CDATA[java.lang.NullPointerException
at LoginFunctionalitys.loginDetailsPage.logout(loginDetailsPage.java:46)
at PSMS.ApplicationPage.Preconditions.tearDown(Preconditions.java:35)
at java.util.ArrayList.forEach(ArrayList.java:1259)
... Removed 25 stack frames]]>
    </failure>
  </testcase> <!-- @AfterClass tearDown -->
  <testcase name="PSMSApplication_Title" time="0.021" classname="PSMS.ApplicationPage.AdminPageValidation"/>
  <testcase name="LoginDetails" time="1.555" classname="PSMS.ApplicationPage.AdminPageValidation"/>
  <testcase name="DashboardModule" time="5.407" classname="PSMS.ApplicationPage.AdminPageValidation"/>
</testsuite> <!-- Test -->
