<?xml version="1.0" encoding="UTF-8"?>
<testng-results ignored="0" total="1" passed="1" failed="0" skipped="0">
  <reporter-output>
  </reporter-output>
  <suite started-at="2021-01-08T17:17:35 IST" name="Default suite" finished-at="2021-01-08T17:19:20 IST" duration-ms="105200">
    <groups>
    </groups>
    <test started-at="2021-01-08T17:17:35 IST" name="Default test" finished-at="2021-01-08T17:19:20 IST" duration-ms="105200">
      <class name="PSMS.ApplicationPage.AdminPageValidation">
        <test-method is-config="true" signature="initialization()[pri:0, instance:PSMS.ApplicationPage.AdminPageValidation@306cf3ea]" started-at="2021-01-08T17:17:35 IST" name="initialization" finished-at="2021-01-08T17:18:19 IST" duration-ms="43710" status="PASS">
          <reporter-output>
          </reporter-output>
        </test-method> <!-- initialization -->
        <test-method signature="PSMSApplicationValidation()[pri:0, instance:PSMS.ApplicationPage.AdminPageValidation@306cf3ea]" started-at="2021-01-08T17:18:19 IST" name="PSMSApplicationValidation" finished-at="2021-01-08T17:19:04 IST" duration-ms="45690" status="PASS">
          <reporter-output>
          </reporter-output>
        </test-method> <!-- PSMSApplicationValidation -->
        <test-method is-config="true" signature="screenShotPage(org.testng.ITestResult)[pri:0, instance:PSMS.ApplicationPage.AdminPageValidation@306cf3ea]" started-at="2021-01-08T17:19:04 IST" name="screenShotPage" finished-at="2021-01-08T17:19:04 IST" duration-ms="1" status="PASS">
          <params>
            <param index="0">
              <value>
                <![CDATA[[TestResult name=PSMSApplicationValidation status=SUCCESS method=AdminPageValidation.PSMSApplicationValidation()[pri:0, instance:PSMS.ApplicationPage.AdminPageValidation@306cf3ea] output={null}]]]>
              </value>
            </param>
          </params>
          <reporter-output>
          </reporter-output>
        </test-method> <!-- screenShotPage -->
        <test-method is-config="true" signature="tearDown()[pri:0, instance:PSMS.ApplicationPage.AdminPageValidation@306cf3ea]" started-at="2021-01-08T17:19:04 IST" name="tearDown" finished-at="2021-01-08T17:19:20 IST" duration-ms="15778" status="PASS">
          <reporter-output>
          </reporter-output>
        </test-method> <!-- tearDown -->
      </class> <!-- PSMS.ApplicationPage.AdminPageValidation -->
    </test> <!-- Default test -->
  </suite> <!-- Default suite -->
</testng-results>
